@!@!@STARTMSG 2262:0 @!@!@
TLC2 Version 2.18 of Day Month 20?? (rev: 7279336)
@!@!@ENDMSG 2262 @!@!@
@!@!@STARTMSG 2187:0 @!@!@
Running breadth-first search Model-Checking with fp 0 and seed -4941019441615449803 with 1 worker on 16 cores with 3593MB heap and 64MB offheap memory [pid: 5828] (Windows 11 10.0 amd64, Oracle Corporation 21.0.1 x86_64, MSBDiskFPSet, DiskStateQueue).
@!@!@ENDMSG 2187 @!@!@
@!@!@STARTMSG 2220:0 @!@!@
Starting SANY...
@!@!@ENDMSG 2220 @!@!@
Parsing file C:\Users\nickm\metodos-formais\trabalho1\batalha2monstros.tla (file:/c:/Users/nickm/metodos-formais/trabalho1/batalha2monstros.tla)
Parsing file C:\Users\nickm\AppData\Local\Temp\tlc-924757438400471635\Integers.tla (jar:file:/C:/Users/nickm/.vscode/extensions/alygin.vscode-tlaplus-nightly-2024.5.2906/tools/tla2tools.jar!/tla2sany/StandardModules/Integers.tla)
Parsing file C:\Users\nickm\AppData\Local\Temp\tlc-924757438400471635\Sequences.tla (jar:file:/C:/Users/nickm/.vscode/extensions/alygin.vscode-tlaplus-nightly-2024.5.2906/tools/tla2tools.jar!/tla2sany/StandardModules/Sequences.tla)
Parsing file C:\Users\nickm\AppData\Local\Temp\tlc-924757438400471635\SequencesExt.tla (jar:file:/C:/Users/nickm/.vscode/extensions/alygin.vscode-tlaplus-nightly-2024.5.2906/tools/CommunityModules-deps.jar!/SequencesExt.tla)
Parsing file C:\Users\nickm\AppData\Local\Temp\tlc-924757438400471635\TLC.tla (jar:file:/C:/Users/nickm/.vscode/extensions/alygin.vscode-tlaplus-nightly-2024.5.2906/tools/tla2tools.jar!/tla2sany/StandardModules/TLC.tla)
Parsing file C:\Users\nickm\AppData\Local\Temp\tlc-924757438400471635\Naturals.tla (jar:file:/C:/Users/nickm/.vscode/extensions/alygin.vscode-tlaplus-nightly-2024.5.2906/tools/tla2tools.jar!/tla2sany/StandardModules/Naturals.tla)
Parsing file C:\Users\nickm\AppData\Local\Temp\tlc-924757438400471635\FiniteSets.tla (jar:file:/C:/Users/nickm/.vscode/extensions/alygin.vscode-tlaplus-nightly-2024.5.2906/tools/tla2tools.jar!/tla2sany/StandardModules/FiniteSets.tla)
Parsing file C:\Users\nickm\AppData\Local\Temp\tlc-924757438400471635\FiniteSetsExt.tla (jar:file:/C:/Users/nickm/.vscode/extensions/alygin.vscode-tlaplus-nightly-2024.5.2906/tools/CommunityModules-deps.jar!/FiniteSetsExt.tla)
Parsing file C:\Users\nickm\AppData\Local\Temp\tlc-924757438400471635\Folds.tla (jar:file:/C:/Users/nickm/.vscode/extensions/alygin.vscode-tlaplus-nightly-2024.5.2906/tools/CommunityModules-deps.jar!/Folds.tla)
Parsing file C:\Users\nickm\AppData\Local\Temp\tlc-924757438400471635\Functions.tla (jar:file:/C:/Users/nickm/.vscode/extensions/alygin.vscode-tlaplus-nightly-2024.5.2906/tools/CommunityModules-deps.jar!/Functions.tla)
Semantic processing of module Naturals
Semantic processing of module Integers
Semantic processing of module Sequences
Semantic processing of module FiniteSets
Semantic processing of module Folds
Semantic processing of module Functions
Semantic processing of module FiniteSetsExt
Semantic processing of module TLC
Semantic processing of module SequencesExt
Semantic processing of module batalha2monstros
@!@!@STARTMSG 2219:0 @!@!@
SANY finished.
@!@!@ENDMSG 2219 @!@!@
@!@!@STARTMSG 2185:0 @!@!@
Starting... (2024-05-29 23:18:05)
@!@!@ENDMSG 2185 @!@!@
@!@!@STARTMSG 2189:0 @!@!@
Computing initial states...
@!@!@ENDMSG 2189 @!@!@
@!@!@STARTMSG 2190:0 @!@!@
Finished computing initial states: 1 distinct state generated at 2024-05-29 23:18:05.
@!@!@ENDMSG 2190 @!@!@
@!@!@STARTMSG 1000:1 @!@!@
TLC threw an unexpected exception.
This was probably caused by an error in the spec or model.
See the User Output or TLC Console for clues to what happened.
The exception was a util.WrongInvocationException
: Attempted to construct a set with too many elements (>1000000).
@!@!@ENDMSG 1000 @!@!@
@!@!@STARTMSG 2121:1 @!@!@
The behavior up to this point is:
@!@!@ENDMSG 2121 @!@!@
@!@!@STARTMSG 2217:4 @!@!@
1: <Initial predicate>
/\ criaturas = [ Mago |->
      [ classe |-> "mago",
        hp |-> 20,
        tipo |-> "personagem",
        paralisia |-> "nenhuma",
        imunidade |-> FALSE,
        provocacao |-> "nenhuma",
        iniciativa |-> 0 ],
  Clerigo |->
      [ classe |-> "clerigo",
        hp |-> 20,
        tipo |-> "personagem",
        paralisia |-> "nenhuma",
        imunidade |-> FALSE,
        provocacao |-> "nenhuma",
        iniciativa |-> 0 ],
  Barbaro |->
      [ classe |-> "barbaro",
        hp |-> 150,
        tipo |-> "personagem",
        paralisia |-> "nenhuma",
        imunidade |-> FALSE,
        provocacao |-> "nenhuma",
        iniciativa |-> 0 ],
  Monstro |->
      [ classe |-> "monstro",
        hp |-> 100,
        tipo |-> "monstros",
        paralisia |-> "nenhuma",
        imunidade |-> FALSE,
        provocacao |-> "nenhuma",
        iniciativa |-> 0 ],
  Monstro2 |->
      [ classe |-> "monstro",
        hp |-> 100,
        tipo |-> "monstros",
        paralisia |-> "nenhuma",
        imunidade |-> FALSE,
        provocacao |-> "nenhuma",
        iniciativa |-> 0 ] ]
/\ ultimoAtaque = [attacker |-> "", receiver |-> "", type |-> "", damage |-> 0, status |-> ""]
/\ ordemDeAtaque = <<>>
/\ round = 1
/\ inicializado = FALSE
/\ proximo = 1

@!@!@ENDMSG 2217 @!@!@
@!@!@STARTMSG 2103:1 @!@!@
The error occurred when TLC was evaluating the nested
expressions at the following positions:
    The error call stack is empty.

@!@!@ENDMSG 2103 @!@!@
@!@!@STARTMSG 2200:0 @!@!@
Progress(1) at 2024-05-29 23:18:06: 1 states generated (49 s/min), 1 distinct states found (49 ds/min), 0 states left on queue.
@!@!@ENDMSG 2200 @!@!@
@!@!@STARTMSG 2199:0 @!@!@
1 states generated, 1 distinct states found, 0 states left on queue.
@!@!@ENDMSG 2199 @!@!@
@!@!@STARTMSG 2194:0 @!@!@
The depth of the complete state graph search is 1.
@!@!@ENDMSG 2194 @!@!@
@!@!@STARTMSG 2186:0 @!@!@
Finished in 1209ms at (2024-05-29 23:18:06)
@!@!@ENDMSG 2186 @!@!@
