@!@!@STARTMSG 2262:0 @!@!@
TLC2 Version 2.18 of Day Month 20?? (rev: 7279336)
@!@!@ENDMSG 2262 @!@!@
@!@!@STARTMSG 2188:0 @!@!@
Running Random Simulation with seed -4556338936748075301 with 1 worker on 16 cores with 3593MB heap and 64MB offheap memory [pid: 8048] (Windows 11 10.0 amd64, Oracle Corporation 21.0.1 x86_64).
@!@!@ENDMSG 2188 @!@!@
@!@!@STARTMSG 2220:0 @!@!@
Starting SANY...
@!@!@ENDMSG 2220 @!@!@
Parsing file C:\Users\nickm\metodos-formais\trabalho1\batalha.tla (file:/c:/Users/nickm/metodos-formais/trabalho1/batalha.tla)
Parsing file C:\Users\nickm\AppData\Local\Temp\tlc-3682727635466151512\Integers.tla (jar:file:/C:/Users/nickm/.vscode/extensions/alygin.vscode-tlaplus-nightly-2024.5.2506/tools/tla2tools.jar!/tla2sany/StandardModules/Integers.tla)
Parsing file C:\Users\nickm\AppData\Local\Temp\tlc-3682727635466151512\Sequences.tla (jar:file:/C:/Users/nickm/.vscode/extensions/alygin.vscode-tlaplus-nightly-2024.5.2506/tools/tla2tools.jar!/tla2sany/StandardModules/Sequences.tla)
Parsing file C:\Users\nickm\AppData\Local\Temp\tlc-3682727635466151512\SequencesExt.tla (jar:file:/C:/Users/nickm/.vscode/extensions/alygin.vscode-tlaplus-nightly-2024.5.2506/tools/CommunityModules-deps.jar!/SequencesExt.tla)
Parsing file C:\Users\nickm\AppData\Local\Temp\tlc-3682727635466151512\TLC.tla (jar:file:/C:/Users/nickm/.vscode/extensions/alygin.vscode-tlaplus-nightly-2024.5.2506/tools/tla2tools.jar!/tla2sany/StandardModules/TLC.tla)
Parsing file C:\Users\nickm\AppData\Local\Temp\tlc-3682727635466151512\Naturals.tla (jar:file:/C:/Users/nickm/.vscode/extensions/alygin.vscode-tlaplus-nightly-2024.5.2506/tools/tla2tools.jar!/tla2sany/StandardModules/Naturals.tla)
Parsing file C:\Users\nickm\AppData\Local\Temp\tlc-3682727635466151512\FiniteSets.tla (jar:file:/C:/Users/nickm/.vscode/extensions/alygin.vscode-tlaplus-nightly-2024.5.2506/tools/tla2tools.jar!/tla2sany/StandardModules/FiniteSets.tla)
Parsing file C:\Users\nickm\AppData\Local\Temp\tlc-3682727635466151512\FiniteSetsExt.tla (jar:file:/C:/Users/nickm/.vscode/extensions/alygin.vscode-tlaplus-nightly-2024.5.2506/tools/CommunityModules-deps.jar!/FiniteSetsExt.tla)
Parsing file C:\Users\nickm\AppData\Local\Temp\tlc-3682727635466151512\Folds.tla (jar:file:/C:/Users/nickm/.vscode/extensions/alygin.vscode-tlaplus-nightly-2024.5.2506/tools/CommunityModules-deps.jar!/Folds.tla)
Parsing file C:\Users\nickm\AppData\Local\Temp\tlc-3682727635466151512\Functions.tla (jar:file:/C:/Users/nickm/.vscode/extensions/alygin.vscode-tlaplus-nightly-2024.5.2506/tools/CommunityModules-deps.jar!/Functions.tla)
Semantic processing of module Naturals
Semantic processing of module Integers
Semantic processing of module Sequences
Semantic processing of module FiniteSets
Semantic processing of module Folds
Semantic processing of module Functions
Semantic processing of module FiniteSetsExt
Semantic processing of module TLC
Semantic processing of module SequencesExt
Semantic processing of module batalha
@!@!@STARTMSG 2219:0 @!@!@
SANY finished.
@!@!@ENDMSG 2219 @!@!@
@!@!@STARTMSG 2185:0 @!@!@
Starting... (2024-05-26 00:30:42)
@!@!@ENDMSG 2185 @!@!@
@!@!@STARTMSG 2269:0 @!@!@
Computed 1 initial states...
@!@!@ENDMSG 2269 @!@!@
@!@!@STARTMSG 2209:0 @!@!@
Progress(1) at 2024-05-26 00:30:43: 160073 states generated, -1 distinct states found, -1 states left on queue.
@!@!@ENDMSG 2209 @!@!@
@!@!@STARTMSG 2209:0 @!@!@
Progress(1) at 2024-05-26 00:30:43: 160073 states generated, -1 distinct states found, -1 states left on queue.
@!@!@ENDMSG 2209 @!@!@
@!@!@STARTMSG 2210:0 @!@!@
The number of states generated: 160073
Simulation using seed -4556338936748075301 and aril 0
@!@!@ENDMSG 2210 @!@!@
@!@!@STARTMSG 2186:0 @!@!@
Finished in 2098ms at (2024-05-26 00:30:43)
@!@!@ENDMSG 2186 @!@!@
